<?xml version="1.0" encoding="UTF-8"?>
<!-- Generated by org.testng.reporters.JUnitReportReporter -->
<testsuite hostname="3e-wa-0105" failures="0" tests="2" name="Tests" time="26.304" errors="0" timestamp="15 maj 2019 07:38:11 GMT" skipped="0">
  <testcase classname="Tests" name="test001_logowanie" time="14.211"/>
  <testcase classname="Tests" name="test002_fillExpertsApplication" time="12.093"/>
</testsuite> <!-- Tests -->
